<?xml version="1.0" encoding="UTF-8"?>
<robot generator="Robot 7.2.2 (Python 3.13.2 on win32)" generated="2025-04-22T23:24:16.658368" rpa="false" schemaversion="5">
<suite id="s1" name="Argumentos" source="D:\Bibliotecas\Documentos\github\RobotFramework\argumentos\argumentos.robot">
<test id="s1-t1" name="Relembrando argumentos posicionais x nomeados" line="2">
<kw name="Teste de Argumentos Básico">
<kw name="Log" owner="BuiltIn">
<msg time="2025-04-22T23:24:16.685856" level="INFO">1 - 2 - 3 - 4</msg>
<arg>${arg1} - ${arg2} - ${arg3} - ${arg4}</arg>
<doc>Logs the given message with the given level.</doc>
<status status="PASS" start="2025-04-22T23:24:16.685682" elapsed="0.000223"/>
</kw>
<arg>1</arg>
<arg>2</arg>
<arg>3</arg>
<arg>4</arg>
<status status="PASS" start="2025-04-22T23:24:16.685274" elapsed="0.000698"/>
</kw>
<kw name="Teste de Argumentos Básico">
<kw name="Log" owner="BuiltIn">
<msg time="2025-04-22T23:24:16.686684" level="INFO">4 - 3 - 2 - 1</msg>
<arg>${arg1} - ${arg2} - ${arg3} - ${arg4}</arg>
<doc>Logs the given message with the given level.</doc>
<status status="PASS" start="2025-04-22T23:24:16.686403" elapsed="0.000318"/>
</kw>
<arg>arg4=1</arg>
<arg>arg3=2</arg>
<arg>arg2=3</arg>
<arg>arg1=4</arg>
<status status="PASS" start="2025-04-22T23:24:16.686180" elapsed="0.000586"/>
</kw>
<status status="PASS" start="2025-04-22T23:24:16.684760" elapsed="0.002171"/>
</test>
<test id="s1-t2" name="Teste de Argumentos Opcionais" line="6">
<kw name="Passando argumentos opcionais como parâmetro">
<kw name="Log" owner="BuiltIn">
<msg time="2025-04-22T23:24:16.687931" level="INFO">Nome completo: Mayara silva Fernandes</msg>
<arg>Nome completo: ${nome} ${nome_do_meio} ${ultimo_nome}</arg>
<doc>Logs the given message with the given level.</doc>
<status status="PASS" start="2025-04-22T23:24:16.687816" elapsed="0.000148"/>
</kw>
<arg>nome=Mayara</arg>
<arg>ultimo_nome=Fernandes</arg>
<status status="PASS" start="2025-04-22T23:24:16.687621" elapsed="0.000384"/>
</kw>
<kw name="Passando argumentos opcionais como parâmetro">
<kw name="Log" owner="BuiltIn">
<msg time="2025-04-22T23:24:16.688566" level="INFO">Nome completo: Mayara Ribeiro Fernandes</msg>
<arg>Nome completo: ${nome} ${nome_do_meio} ${ultimo_nome}</arg>
<doc>Logs the given message with the given level.</doc>
<status status="PASS" start="2025-04-22T23:24:16.688452" elapsed="0.000164"/>
</kw>
<arg>nome=Mayara</arg>
<arg>nome_do_meio=Ribeiro</arg>
<arg>ultimo_nome=Fernandes</arg>
<status status="PASS" start="2025-04-22T23:24:16.688232" elapsed="0.000441"/>
</kw>
<status status="PASS" start="2025-04-22T23:24:16.687359" elapsed="0.001446"/>
</test>
<test id="s1-t3" name="Criando lista e dicionário via parâmetro" line="10">
<kw name="Teste Criando um Dicionário">
<kw name="Log" owner="BuiltIn">
<msg time="2025-04-22T23:24:16.689676" level="INFO">{'cwd': '/home/user', 'shell': 'True', 'env': 'False'}</msg>
<arg>${meu_dicionario}</arg>
<doc>Logs the given message with the given level.</doc>
<status status="PASS" start="2025-04-22T23:24:16.689585" elapsed="0.000125"/>
</kw>
<arg>cwd=/home/user</arg>
<arg>shell=True</arg>
<arg>env=False</arg>
<status status="PASS" start="2025-04-22T23:24:16.689348" elapsed="0.000402"/>
</kw>
<kw name="Teste Criando uma Lista">
<kw name="Log" owner="BuiltIn">
<msg time="2025-04-22T23:24:16.690136" level="INFO">['may', 'ribeiro', 'fernandes']</msg>
<arg>${minha_lista}</arg>
<doc>Logs the given message with the given level.</doc>
<status status="PASS" start="2025-04-22T23:24:16.690045" elapsed="0.000125"/>
</kw>
<arg>may</arg>
<arg>ribeiro</arg>
<arg>fernandes</arg>
<status status="PASS" start="2025-04-22T23:24:16.689890" elapsed="0.000320"/>
</kw>
<kw name="Teste Criando os dois">
<kw name="Log" owner="BuiltIn">
<msg time="2025-04-22T23:24:16.690668" level="INFO">['may', 'ribeiro', 'fernandes']
{'shell': 'True', 'env': 'False'}</msg>
<arg>${minha_lista}\n${meu_dicionario}</arg>
<doc>Logs the given message with the given level.</doc>
<status status="PASS" start="2025-04-22T23:24:16.690548" elapsed="0.000153"/>
</kw>
<arg>may</arg>
<arg>ribeiro</arg>
<arg>fernandes</arg>
<arg>shell=True</arg>
<arg>env=False</arg>
<status status="PASS" start="2025-04-22T23:24:16.690338" elapsed="0.000403"/>
</kw>
<doc>No Python é conhecido como "kwargs"</doc>
<status status="PASS" start="2025-04-22T23:24:16.689083" elapsed="0.001773"/>
</test>
<status status="PASS" start="2025-04-22T23:24:16.659709" elapsed="0.031575"/>
</suite>
<statistics>
<total>
<stat pass="3" fail="0" skip="0">All Tests</stat>
</total>
<tag>
</tag>
<suite>
<stat name="Argumentos" id="s1" pass="3" fail="0" skip="0">Argumentos</stat>
</suite>
</statistics>
<errors>
</errors>
</robot>
